#
# A fatal error has been detected by the Java Runtime Environment:
#
#  EXCEPTION_ACCESS_VIOLATION (0xc0000005) at pc=0x00007ffc0be12a9c, pid=11656, tid=22628
#
# JRE version: Java(TM) SE Runtime Environment (8.0_77-b03) (build 1.8.0_77-b03)
# Java VM: Java HotSpot(TM) 64-Bit Server VM (25.77-b03 mixed mode windows-amd64 compressed oops)
# Problematic frame:
# C  [SHELL32.dll+0xc2a9c]
#
# Failed to write core dump. Minidumps are not enabled by default on client versions of Windows
#
# If you would like to submit a bug report, please visit:
#   http://bugreport.java.com/bugreport/crash.jsp
# The crash happened outside the Java Virtual Machine in native code.
# See problematic frame for where to report the bug.
#

---------------  T H R E A D  ---------------

Current thread (0x0000000041031000):  JavaThread "JavaFX Application Thread" [_thread_in_native, id=22628, stack(0x0000000041a00000,0x0000000041b00000)]

siginfo: ExceptionCode=0xc0000005, reading address 0x00007ffbeb0013c0

Registers:
RAX=0x00007ffbeb001398, RBX=0x0000000041af91a4, RCX=0x000000004d0645c0, RDX=0x00007ffc0bdd2410
RSP=0x0000000041af89e0, RBP=0x0000000080070057, RSI=0x0000000000000004, RDI=0x0000000000000000
R8 =0x0000000000000004, R9 =0x0000000000000000, R10=0x0000000041af91a4, R11=0x0000000000000000
R12=0x0000000000000050, R13=0x0000000000000000, R14=0x000000000000000b, R15=0x000000004d0080a0
RIP=0x00007ffc0be12a9c, EFLAGS=0x0000000000010246

Top of Stack: (sp=0x0000000041af89e0)
0x0000000041af89e0:   0000000000000000 0000000000000000
0x0000000041af89f0:   0000000000000000 0000000000000000
0x0000000041af8a00:   0000000041af91a4 0000000000000050
0x0000000041af8a10:   0000000002ff0000 00007ffc0d39bb9c
0x0000000041af8a20:   0000000000000050 000000004d070160
0x0000000041af8a30:   0000000000000000 0000000000000042
0x0000000041af8a40:   00007ffc0c23ed60 00007ffc0bdd0aec
0x0000000041af8a50:   0000000041af91a4 0000000000000004
0x0000000041af8a60:   00000000000000a0 0000000000000001
0x0000000041af8a70:   0000000041af91a4 0000000000000050
0x0000000041af8a80:   0000000000000010 0000023400000031
0x0000000041af8a90:   00000000000000a0 000000004d231e70
0x0000000041af8aa0:   000000004d231e70 00000000000003ff
0x0000000041af8ab0:   0000000000000080 0000000000000188
0x0000000041af8ac0:   000000000000005e 000000000000005e
0x0000000041af8ad0:   0000000000000080 00000000ffffffff 

Instructions: (pc=0x00007ffc0be12a9c)
0x00007ffc0be12a7c:   48 8b 09 48 2b fa 48 8d 15 87 f9 fb ff 44 89 64
0x00007ffc0be12a8c:   24 28 4d 8b cd 48 89 5c 24 20 44 8b c6 48 8b 01
0x00007ffc0be12a9c:   48 8b 40 28 48 3b c2 48 8b d7 75 27 e8 63 f9 fb
0x00007ffc0be12aac:   ff 8b e8 8b c5 4c 8d 5c 24 40 49 8b 5b 30 49 8b 


Register to memory mapping:

RAX=0x00007ffbeb001398 is an unknown value
RBX=0x0000000041af91a4 is pointing into the stack for thread: 0x0000000041031000
RCX=0x000000004d0645c0 is an unknown value
RDX=0x00007ffc0bdd2410 is an unknown value
RSP=0x0000000041af89e0 is pointing into the stack for thread: 0x0000000041031000
RBP=0x0000000080070057 is an unknown value
RSI=0x0000000000000004 is an unknown value
RDI=0x0000000000000000 is an unknown value
R8 =0x0000000000000004 is an unknown value
R9 =0x0000000000000000 is an unknown value
R10=0x0000000041af91a4 is pointing into the stack for thread: 0x0000000041031000
R11=0x0000000000000000 is an unknown value
R12=0x0000000000000050 is an unknown value
R13=0x0000000000000000 is an unknown value
R14=0x000000000000000b is an unknown value
R15=0x000000004d0080a0 is an unknown value


Stack: [0x0000000041a00000,0x0000000041b00000],  sp=0x0000000041af89e0,  free space=994k
Native frames: (J=compiled Java code, j=interpreted, Vv=VM code, C=native code)
C  [SHELL32.dll+0xc2a9c]
C  [SHELL32.dll+0x80aec]
C  [windows.storage.dll+0x3fcd1e]
C  [explorerframe.dll+0x10e13e]
C  [explorerframe.dll+0x17e524]
C  [explorerframe.dll+0x11218c]
C  [explorerframe.dll+0x115142]
C  [explorerframe.dll+0xc3f4f]
C  [explorerframe.dll+0x6ef60]
C  [explorerframe.dll+0x71911]
C  [USER32.dll+0xb85d]
C  [USER32.dll+0xb40b]
C  [COMCTL32.dll+0x2f0f5]
C  [COMCTL32.dll+0x2eec7]
C  [explorerframe.dll+0x66dae]
C  [COMCTL32.dll+0x2f14e]
C  [COMCTL32.dll+0x2ef92]
C  [USER32.dll+0xb85d]
C  [USER32.dll+0xb40b]
C  [DUser.dll+0x63f5]
C  [atlthunk.dll+0x10d8]
C  [USER32.dll+0xb85d]
C  [USER32.dll+0xade0]
C  [USER32.dll+0xab88]
C  [COMCTL32.dll+0x5b3e5]
C  [COMCTL32.dll+0xd60f2]
C  [COMCTL32.dll+0x14ff3]
C  [USER32.dll+0xb85d]
C  [USER32.dll+0xb40b]
C  [COMCTL32.dll+0x2f0f5]
C  [COMCTL32.dll+0x2eec7]
C  [explorerframe.dll+0x68492]
C  [explorerframe.dll+0x66f5b]
C  [COMCTL32.dll+0x2f14e]
C  [COMCTL32.dll+0x2ef92]
C  [USER32.dll+0xb85d]
C  [USER32.dll+0xb1ef]
C  [USER32.dll+0x63bf]
C  [USER32.dll+0x2b82b]
C  [USER32.dll+0x2b70e]
C  [USER32.dll+0x2b5d2]
C  [USER32.dll+0x2b568]
C  [COMDLG32.dll+0x1636b]
C  [glass.dll+0x22fd]
C  [glass.dll+0x1bc8]
C  0x00000000052a5e34

Java frames: (J=compiled Java code, j=interpreted, Vv=VM code)
j  com.sun.glass.ui.win.WinCommonDialogs._showFileChooser(JLjava/lang/String;Ljava/lang/String;Ljava/lang/String;IZ[Lcom/sun/glass/ui/CommonDialogs$ExtensionFilter;I)Lcom/sun/glass/ui/CommonDialogs$FileChooserResult;+0
j  com.sun.glass.ui.win.WinCommonDialogs.showFileChooser_impl(Lcom/sun/glass/ui/Window;Ljava/lang/String;Ljava/lang/String;Ljava/lang/String;IZ[Lcom/sun/glass/ui/CommonDialogs$ExtensionFilter;I)Lcom/sun/glass/ui/CommonDialogs$FileChooserResult;+35
j  com.sun.glass.ui.win.WinApplication.staticCommonDialogs_showFileChooser(Lcom/sun/glass/ui/Window;Ljava/lang/String;Ljava/lang/String;Ljava/lang/String;IZ[Lcom/sun/glass/ui/CommonDialogs$ExtensionFilter;I)Lcom/sun/glass/ui/CommonDialogs$FileChooserResult;+27
j  com.sun.glass.ui.CommonDialogs.showFileChooser(Lcom/sun/glass/ui/Window;Ljava/io/File;Ljava/lang/String;Ljava/lang/String;IZLjava/util/List;I)Lcom/sun/glass/ui/CommonDialogs$FileChooserResult;+121
j  com.sun.javafx.tk.quantum.QuantumToolkit.showFileChooser(Lcom/sun/javafx/tk/TKStage;Ljava/lang/String;Ljava/io/File;Ljava/lang/String;Lcom/sun/javafx/tk/FileChooserType;Ljava/util/List;Ljavafx/stage/FileChooser$ExtensionFilter;)Lcom/sun/glass/ui/CommonDialogs$FileChooserResult;+72
j  javafx.stage.FileChooser.showDialog(Ljavafx/stage/Window;Lcom/sun/javafx/tk/FileChooserType;)Ljava/util/List;+36
j  javafx.stage.FileChooser.showOpenDialog(Ljavafx/stage/Window;)Ljava/io/File;+5
j  windows.main.StartNewProjectWindow.handleTrainingSetSelect()V+103
v  ~StubRoutines::call_stub
J 1914  sun.reflect.NativeMethodAccessorImpl.invoke0(Ljava/lang/reflect/Method;Ljava/lang/Object;[Ljava/lang/Object;)Ljava/lang/Object; (0 bytes) @ 0x00000000059da1bf [0x00000000059da140+0x7f]
J 1913 C1 sun.reflect.NativeMethodAccessorImpl.invoke(Ljava/lang/Object;[Ljava/lang/Object;)Ljava/lang/Object; (104 bytes) @ 0x00000000059e2e3c [0x00000000059e1c40+0x11fc]
J 1675 C2 java.lang.reflect.Method.invoke(Ljava/lang/Object;[Ljava/lang/Object;)Ljava/lang/Object; (62 bytes) @ 0x000000000593b670 [0x000000000593b5c0+0xb0]
J 1939 C1 sun.reflect.GeneratedMethodAccessor1.invoke(Ljava/lang/Object;[Ljava/lang/Object;)Ljava/lang/Object; (65 bytes) @ 0x00000000059fb944 [0x00000000059fb580+0x3c4]
J 1675 C2 java.lang.reflect.Method.invoke(Ljava/lang/Object;[Ljava/lang/Object;)Ljava/lang/Object; (62 bytes) @ 0x000000000593b670 [0x000000000593b5c0+0xb0]
J 1932 C1 sun.reflect.misc.MethodUtil.invoke(Ljava/lang/reflect/Method;Ljava/lang/Object;[Ljava/lang/Object;)Ljava/lang/Object; (111 bytes) @ 0x00000000059eb78c [0x00000000059eb2c0+0x4cc]
j  javafx.fxml.FXMLLoader$MethodHandler.invoke([Ljava/lang/Object;)V+38
j  javafx.fxml.FXMLLoader$ControllerMethodEventHandler.handle(Ljavafx/event/Event;)V+12
j  com.sun.javafx.event.CompositeEventHandler.dispatchBubblingEvent(Ljavafx/event/Event;)V+51
J 1582 C1 com.sun.javafx.event.EventHandlerManager.dispatchBubblingEvent(Ljavafx/event/Event;)Ljavafx/event/Event; (23 bytes) @ 0x0000000005910a24 [0x00000000059103a0+0x684]
J 1581 C1 com.sun.javafx.event.CompositeEventDispatcher.dispatchBubblingEvent(Ljavafx/event/Event;)Ljavafx/event/Event; (35 bytes) @ 0x000000000590fd1c [0x000000000590fb60+0x1bc]
J 1556 C1 com.sun.javafx.event.BasicEventDispatcher.dispatchEvent(Ljavafx/event/Event;Ljavafx/event/EventDispatchChain;)Ljavafx/event/Event; (44 bytes) @ 0x00000000059040fc [0x0000000005903dc0+0x33c]
J 1484 C1 com.sun.javafx.event.EventDispatchChainImpl.dispatchEvent(Ljavafx/event/Event;)Ljavafx/event/Event; (101 bytes) @ 0x00000000058e2fbc [0x00000000058e2e00+0x1bc]
J 1556 C1 com.sun.javafx.event.BasicEventDispatcher.dispatchEvent(Ljavafx/event/Event;Ljavafx/event/EventDispatchChain;)Ljavafx/event/Event; (44 bytes) @ 0x0000000005904014 [0x0000000005903dc0+0x254]
J 1484 C1 com.sun.javafx.event.EventDispatchChainImpl.dispatchEvent(Ljavafx/event/Event;)Ljavafx/event/Event; (101 bytes) @ 0x00000000058e2fbc [0x00000000058e2e00+0x1bc]
J 1556 C1 com.sun.javafx.event.BasicEventDispatcher.dispatchEvent(Ljavafx/event/Event;Ljavafx/event/EventDispatchChain;)Ljavafx/event/Event; (44 bytes) @ 0x0000000005904014 [0x0000000005903dc0+0x254]
J 1484 C1 com.sun.javafx.event.EventDispatchChainImpl.dispatchEvent(Ljavafx/event/Event;)Ljavafx/event/Event; (101 bytes) @ 0x00000000058e2fbc [0x00000000058e2e00+0x1bc]
J 1756 C1 com.sun.javafx.event.EventUtil.fireEvent(Ljavafx/event/EventTarget;Ljavafx/event/Event;)Ljavafx/event/Event; (81 bytes) @ 0x0000000005966214 [0x0000000005965620+0xbf4]
J 1755 C1 javafx.event.Event.fireEvent(Ljavafx/event/EventTarget;Ljavafx/event/Event;)V (35 bytes) @ 0x000000000595fb2c [0x000000000595fa60+0xcc]
j  javafx.scene.Node.fireEvent(Ljavafx/event/Event;)V+86
j  javafx.scene.control.Button.fire()V+15
j  com.sun.javafx.scene.control.behavior.ButtonBehavior.mouseReleased(Ljavafx/scene/input/MouseEvent;)V+23
j  com.sun.javafx.scene.control.skin.BehaviorSkinBase$1.handle(Ljavafx/scene/input/MouseEvent;)V+83
j  com.sun.javafx.scene.control.skin.BehaviorSkinBase$1.handle(Ljavafx/event/Event;)V+5
j  com.sun.javafx.event.CompositeEventHandler$NormalEventHandlerRecord.handleBubblingEvent(Ljavafx/event/Event;)V+5
j  com.sun.javafx.event.CompositeEventHandler.dispatchBubblingEvent(Ljavafx/event/Event;)V+28
J 1582 C1 com.sun.javafx.event.EventHandlerManager.dispatchBubblingEvent(Ljavafx/event/Event;)Ljavafx/event/Event; (23 bytes) @ 0x0000000005910a24 [0x00000000059103a0+0x684]
J 1581 C1 com.sun.javafx.event.CompositeEventDispatcher.dispatchBubblingEvent(Ljavafx/event/Event;)Ljavafx/event/Event; (35 bytes) @ 0x000000000590fd1c [0x000000000590fb60+0x1bc]
J 1556 C1 com.sun.javafx.event.BasicEventDispatcher.dispatchEvent(Ljavafx/event/Event;Ljavafx/event/EventDispatchChain;)Ljavafx/event/Event; (44 bytes) @ 0x00000000059040fc [0x0000000005903dc0+0x33c]
J 1484 C1 com.sun.javafx.event.EventDispatchChainImpl.dispatchEvent(Ljavafx/event/Event;)Ljavafx/event/Event; (101 bytes) @ 0x00000000058e2fbc [0x00000000058e2e00+0x1bc]
J 1556 C1 com.sun.javafx.event.BasicEventDispatcher.dispatchEvent(Ljavafx/event/Event;Ljavafx/event/EventDispatchChain;)Ljavafx/event/Event; (44 bytes) @ 0x0000000005904014 [0x0000000005903dc0+0x254]
J 1484 C1 com.sun.javafx.event.EventDispatchChainImpl.dispatchEvent(Ljavafx/event/Event;)Ljavafx/event/Event; (101 bytes) @ 0x00000000058e2fbc [0x00000000058e2e00+0x1bc]
J 1556 C1 com.sun.javafx.event.BasicEventDispatcher.dispatchEvent(Ljavafx/event/Event;Ljavafx/event/EventDispatchChain;)Ljavafx/event/Event; (44 bytes) @ 0x0000000005904014 [0x0000000005903dc0+0x254]
J 1484 C1 com.sun.javafx.event.EventDispatchChainImpl.dispatchEvent(Ljavafx/event/Event;)Ljavafx/event/Event; (101 bytes) @ 0x00000000058e2fbc [0x00000000058e2e00+0x1bc]
J 1756 C1 com.sun.javafx.event.EventUtil.fireEvent(Ljavafx/event/EventTarget;Ljavafx/event/Event;)Ljavafx/event/Event; (81 bytes) @ 0x0000000005965d5c [0x0000000005965620+0x73c]
J 1796 C1 javafx.scene.Scene$MouseHandler.process(Ljavafx/scene/input/MouseEvent;Z)V (735 bytes) @ 0x000000000598f6c4 [0x000000000598cbe0+0x2ae4]
J 2477 C1 javafx.scene.Scene$ScenePeerListener.mouseEvent(Ljavafx/event/EventType;DDDDLjavafx/scene/input/MouseButton;ZZZZZZZZZ)V (50 bytes) @ 0x0000000005bfb4ac [0x0000000005bfb1e0+0x2cc]
J 2472 C1 com.sun.javafx.tk.quantum.GlassViewEventHandler$MouseEventNotification.run()Ljava/lang/Void; (529 bytes) @ 0x0000000005bfe42c [0x0000000005bfd6e0+0xd4c]
J 2471 C1 com.sun.javafx.tk.quantum.GlassViewEventHandler$MouseEventNotification.run()Ljava/lang/Object; (5 bytes) @ 0x0000000005bf834c [0x0000000005bf82c0+0x8c]
v  ~StubRoutines::call_stub
J 1660  java.security.AccessController.doPrivileged(Ljava/security/PrivilegedAction;Ljava/security/AccessControlContext;)Ljava/lang/Object; (0 bytes) @ 0x000000000592ff26 [0x000000000592fec0+0x66]
J 2469 C1 com.sun.javafx.tk.quantum.GlassViewEventHandler$$Lambda$122.get()Ljava/lang/Object; (8 bytes) @ 0x0000000005bf900c [0x0000000005bf8e20+0x1ec]
J 1779 C1 com.sun.javafx.tk.quantum.QuantumToolkit.runWithoutRenderLock(Ljava/util/function/Supplier;)Ljava/lang/Object; (49 bytes) @ 0x000000000597b01c [0x000000000597aae0+0x53c]
J 1807 C1 com.sun.javafx.tk.quantum.GlassViewEventHandler.handleMouseEvent(Lcom/sun/glass/ui/View;JIIIIIIIZZ)V (108 bytes) @ 0x000000000598a61c [0x000000000598a200+0x41c]
J 1804 C1 com.sun.glass.ui.View.notifyMouse(IIIIIIIZZ)V (221 bytes) @ 0x0000000005997594 [0x00000000059964a0+0x10f4]
v  ~StubRoutines::call_stub
j  com.sun.glass.ui.win.WinApplication._runLoop(Ljava/lang/Runnable;)V+0
j  com.sun.glass.ui.win.WinApplication.lambda$null$148(ILjava/lang/Runnable;)V+8
j  com.sun.glass.ui.win.WinApplication$$Lambda$38.run()V+12
j  java.lang.Thread.run()V+11
v  ~StubRoutines::call_stub

---------------  P R O C E S S  ---------------

Java Threads: ( => current thread )
  0x000000004647c800 JavaThread "Prism Font Disposer" daemon [_thread_blocked, id=22324, stack(0x00000000494b0000,0x00000000495b0000)]
  0x00000000410c3800 JavaThread "Thread-3" daemon [_thread_in_native, id=3112, stack(0x0000000045e00000,0x0000000045f00000)]
  0x00000000410a6000 JavaThread "JavaFX-Launcher" [_thread_blocked, id=9848, stack(0x0000000045f00000,0x0000000046000000)]
=>0x0000000041031000 JavaThread "JavaFX Application Thread" [_thread_in_native, id=22628, stack(0x0000000041a00000,0x0000000041b00000)]
  0x0000000041025800 JavaThread "Thread-1" daemon [_thread_blocked, id=13488, stack(0x0000000041900000,0x0000000041a00000)]
  0x000000004101b800 JavaThread "QuantumRenderer-0" daemon [_thread_blocked, id=22580, stack(0x00000000415e0000,0x00000000416e0000)]
  0x000000003d895000 JavaThread "Service Thread" daemon [_thread_blocked, id=19640, stack(0x0000000040be0000,0x0000000040ce0000)]
  0x000000003d83d000 JavaThread "C1 CompilerThread11" daemon [_thread_blocked, id=8720, stack(0x0000000040ae0000,0x0000000040be0000)]
  0x000000003d825000 JavaThread "C1 CompilerThread10" daemon [_thread_blocked, id=12532, stack(0x00000000409e0000,0x0000000040ae0000)]
  0x000000003d816000 JavaThread "C1 CompilerThread9" daemon [_thread_blocked, id=20236, stack(0x00000000408e0000,0x00000000409e0000)]
  0x000000003d804800 JavaThread "C1 CompilerThread8" daemon [_thread_blocked, id=23896, stack(0x00000000407e0000,0x00000000408e0000)]
  0x000000003d7c5800 JavaThread "C2 CompilerThread7" daemon [_thread_blocked, id=24628, stack(0x00000000406e0000,0x00000000407e0000)]
  0x000000003d7bd000 JavaThread "C2 CompilerThread6" daemon [_thread_blocked, id=18980, stack(0x00000000405e0000,0x00000000406e0000)]
  0x000000003d7bb800 JavaThread "C2 CompilerThread5" daemon [_thread_blocked, id=18940, stack(0x00000000404e0000,0x00000000405e0000)]
  0x000000003d7a7000 JavaThread "C2 CompilerThread4" daemon [_thread_blocked, id=18712, stack(0x00000000403e0000,0x00000000404e0000)]
  0x000000003d7a6800 JavaThread "C2 CompilerThread3" daemon [_thread_blocked, id=24904, stack(0x00000000401e0000,0x00000000402e0000)]
  0x000000003d7a3800 JavaThread "C2 CompilerThread2" daemon [_thread_blocked, id=11416, stack(0x00000000400e0000,0x00000000401e0000)]
  0x000000003d79f000 JavaThread "C2 CompilerThread1" daemon [_thread_blocked, id=21344, stack(0x000000003ffe0000,0x00000000400e0000)]
  0x000000003d79d000 JavaThread "C2 CompilerThread0" daemon [_thread_blocked, id=23492, stack(0x000000003fee0000,0x000000003ffe0000)]
  0x000000003b82e000 JavaThread "Attach Listener" daemon [_thread_blocked, id=20808, stack(0x000000003fde0000,0x000000003fee0000)]
  0x000000003b82d000 JavaThread "Signal Dispatcher" daemon [_thread_blocked, id=15356, stack(0x000000003fce0000,0x000000003fde0000)]
  0x000000003d79c800 JavaThread "Finalizer" daemon [_thread_blocked, id=23600, stack(0x000000003faf0000,0x000000003fbf0000)]
  0x000000003d776000 JavaThread "Reference Handler" daemon [_thread_blocked, id=22756, stack(0x000000003f9f0000,0x000000003faf0000)]
  0x0000000005192800 JavaThread "main" [_thread_blocked, id=10572, stack(0x0000000005090000,0x0000000005190000)]

Other Threads:
  0x000000003b811800 VMThread [stack: 0x000000003f8f0000,0x000000003f9f0000] [id=24900]
  0x000000003d878800 WatcherThread [stack: 0x0000000040ce0000,0x0000000040de0000] [id=23660]

VM state:not at safepoint (normal execution)

VM Mutex/Monitor currently owned by a thread: None

Heap:
 PSYoungGen      total 305664K, used 102687K [0x000000066b200000, 0x0000000680700000, 0x00000007c0000000)
  eden space 262144K, 39% used [0x000000066b200000,0x0000000671647fb8,0x000000067b200000)
  from space 43520K, 0% used [0x000000067dc80000,0x000000067dc80000,0x0000000680700000)
  to   space 43520K, 0% used [0x000000067b200000,0x000000067b200000,0x000000067dc80000)
 ParOldGen       total 699392K, used 0K [0x00000003c1600000, 0x00000003ec100000, 0x000000066b200000)
  object space 699392K, 0% used [0x00000003c1600000,0x00000003c1600000,0x00000003ec100000)
 Metaspace       used 17033K, capacity 17810K, committed 18048K, reserved 1064960K
  class space    used 2404K, capacity 2618K, committed 2688K, reserved 1048576K

Card table byte_map: [0x0000000014650000,0x0000000016650000] byte_map_base: 0x0000000012845000

Marking Bits: (ParMarkBitMap*) 0x00000000516f0600
 Begin Bits: [0x0000000018da0000, 0x0000000028d48000)
 End Bits:   [0x0000000028d48000, 0x0000000038cf0000)

Polling page: 0x00000000034f0000

CodeCache: size=245760Kb used=9775Kb max_used=9775Kb free=235984Kb
 bounds [0x0000000005290000, 0x0000000005c30000, 0x0000000014290000]
 total_blobs=3195 nmethods=2538 adapters=565
 compilation: enabled

Compilation events (10 events):
Event: 4.111 Thread 0x000000003d825000 2534       1       com.sun.javafx.tk.quantum.SceneState::getScene (5 bytes)
Event: 4.112 Thread 0x000000003d825000 nmethod 2534 0x0000000005c1c710 code [0x0000000005c1c860, 0x0000000005c1c970]
Event: 4.112 Thread 0x000000003d83d000 2535       3       java.nio.Buffer::clear (20 bytes)
Event: 4.112 Thread 0x000000003d83d000 nmethod 2535 0x0000000005c1c3d0 code [0x0000000005c1c520, 0x0000000005c1c690]
Event: 4.112 Thread 0x000000003d804800 2536       3       com.sun.prism.impl.ManagedResource::_isgone (42 bytes)
Event: 4.112 Thread 0x000000003d804800 nmethod 2536 0x0000000005c1bd90 code [0x0000000005c1bf20, 0x0000000005c1c2f8]
Event: 4.414 Thread 0x000000003d816000 2537       3       com.sun.javafx.tk.quantum.QuantumToolkit$$Lambda$43/464578001::run (8 bytes)
Event: 4.414 Thread 0x000000003d825000 2538   !   3       com.sun.javafx.tk.quantum.QuantumToolkit::lambda$runToolkit$405 (16 bytes)
Event: 4.415 Thread 0x000000003d825000 nmethod 2538 0x0000000005c1b690 code [0x0000000005c1b820, 0x0000000005c1bbe8]
Event: 4.415 Thread 0x000000003d816000 nmethod 2537 0x0000000005c1ae90 code [0x0000000005c1b040, 0x0000000005c1b488]

GC Heap History (0 events):
No events

Deoptimization events (10 events):
Event: 3.168 Thread 0x0000000041031000 Uncommon trap: reason=unstable_if action=reinterpret pc=0x00000000059c546c method=java.lang.ClassLoader.checkName(Ljava/lang/String;)Z @ 20
Event: 3.175 Thread 0x0000000041031000 Uncommon trap: reason=unstable_if action=reinterpret pc=0x0000000005a57150 method=javafx.scene.Node$MiscProperties.getClip()Ljavafx/scene/Node; @ 4
Event: 3.195 Thread 0x0000000041031000 Uncommon trap: reason=unstable_if action=reinterpret pc=0x00000000059b85cc method=javafx.scene.CssStyleHelper.resolveRef(Ljavafx/css/Styleable;Ljava/lang/String;Lcom/sun/javafx/css/StyleMap;Ljava/util/Set;)Lcom/sun/javafx/css/CascadingStyle; @ 86
Event: 3.205 Thread 0x0000000041031000 Uncommon trap: reason=array_check action=maybe_recompile pc=0x0000000005af6a58 method=com.sun.javafx.css.SimpleSelector.applies(Ljavafx/css/Styleable;[Ljava/util/Set;I)Z @ 37
Event: 3.205 Thread 0x0000000041031000 Uncommon trap: reason=array_check action=maybe_recompile pc=0x0000000005af6a58 method=com.sun.javafx.css.SimpleSelector.applies(Ljavafx/css/Styleable;[Ljava/util/Set;I)Z @ 37
Event: 3.205 Thread 0x0000000041031000 Uncommon trap: reason=array_check action=maybe_recompile pc=0x0000000005af6a58 method=com.sun.javafx.css.SimpleSelector.applies(Ljavafx/css/Styleable;[Ljava/util/Set;I)Z @ 37
Event: 3.205 Thread 0x0000000041031000 Uncommon trap: reason=array_check action=maybe_recompile pc=0x0000000005af6a58 method=com.sun.javafx.css.SimpleSelector.applies(Ljavafx/css/Styleable;[Ljava/util/Set;I)Z @ 37
Event: 3.215 Thread 0x0000000041031000 Uncommon trap: reason=class_check action=maybe_recompile pc=0x00000000059ac7a0 method=com.sun.javafx.css.ParsedValueImpl.containsFontRelativeSize(Ljavafx/css/ParsedValue;Z)Z @ 83
Event: 3.215 Thread 0x0000000041031000 Uncommon trap: reason=null_check action=make_not_entrant pc=0x00000000059ac858 method=com.sun.javafx.css.ParsedValueImpl.containsFontRelativeSize(Ljavafx/css/ParsedValue;Z)Z @ 8
Event: 3.234 Thread 0x000000004101b800 Uncommon trap: reason=unstable_if action=reinterpret pc=0x000000000589f934 method=java.lang.Math.round(F)I @ 23

Internal exceptions (10 events):
Event: 0.379 Thread 0x0000000041031000 Exception <a 'java/security/PrivilegedActionException'> (0x000000066d38d320) thrown at [D:\re\workspace\8-2-build-windows-amd64-cygwin\jdk8u77\6540\hotspot\src\share\vm\prims\jvm.cpp, line 1386]
Event: 0.379 Thread 0x0000000041031000 Exception <a 'java/security/PrivilegedActionException'> (0x000000066d38d718) thrown at [D:\re\workspace\8-2-build-windows-amd64-cygwin\jdk8u77\6540\hotspot\src\share\vm\prims\jvm.cpp, line 1386]
Event: 0.431 Thread 0x0000000041031000 Exception <a 'java/lang/NullPointerException'> (0x000000066d5d5550) thrown at [D:\re\workspace\8-2-build-windows-amd64-cygwin\jdk8u77\6540\hotspot\src\share\vm\interpreter\linkResolver.cpp, line 1178]
Event: 0.431 Thread 0x0000000041031000 Exception <a 'java/lang/NullPointerException'> (0x000000066d5d5550) thrown at [D:\re\workspace\8-2-build-windows-amd64-cygwin\jdk8u77\6540\hotspot\src\share\vm\prims\jvm.cpp, line 1390]
Event: 0.486 Thread 0x0000000041031000 Exception <a 'java/lang/ArrayIndexOutOfBoundsException': 58> (0x000000066e81f168) thrown at [D:\re\workspace\8-2-build-windows-amd64-cygwin\jdk8u77\6540\hotspot\src\share\vm\interpreter\interpreterRuntime.cpp, line 366]
Event: 0.487 Thread 0x0000000041031000 Exception <a 'java/lang/ArrayIndexOutOfBoundsException': 18> (0x000000066e81fff0) thrown at [D:\re\workspace\8-2-build-windows-amd64-cygwin\jdk8u77\6540\hotspot\src\share\vm\interpreter\interpreterRuntime.cpp, line 366]
Event: 0.487 Thread 0x0000000041031000 Exception <a 'java/lang/ArrayIndexOutOfBoundsException': 86> (0x000000066e821398) thrown at [D:\re\workspace\8-2-build-windows-amd64-cygwin\jdk8u77\6540\hotspot\src\share\vm\interpreter\interpreterRuntime.cpp, line 366]
Event: 0.620 Thread 0x0000000041031000 Implicit null exception at 0x00000000057239f5 to 0x0000000005723be9
Event: 3.195 Thread 0x0000000041031000 Implicit null exception at 0x00000000059b444b to 0x00000000059b8581
Event: 3.215 Thread 0x0000000041031000 Implicit null exception at 0x00000000059abed5 to 0x00000000059ac849

Events (10 events):
Event: 3.852 loading class com/sun/javafx/tk/FileChooserType
Event: 3.852 loading class com/sun/javafx/tk/FileChooserType done
Event: 3.852 loading class com/sun/glass/ui/CommonDialogs$ExtensionFilter
Event: 3.852 loading class com/sun/glass/ui/CommonDialogs$ExtensionFilter done
Event: 3.852 loading class com/sun/glass/ui/CommonDialogs
Event: 3.852 loading class com/sun/glass/ui/CommonDialogs done
Event: 3.852 loading class com/sun/glass/ui/win/WinCommonDialogs
Event: 3.852 loading class com/sun/glass/ui/win/WinCommonDialogs done
Event: 4.130 Executing VM operation: EnableBiasedLocking
Event: 4.131 Executing VM operation: EnableBiasedLocking done


Dynamic libraries:
0x00007ff7987e0000 - 0x00007ff798817000 	C:\Program Files\Java\jdk1.8.0_77\bin\javaw.exe
0x00007ffc0d370000 - 0x00007ffc0d550000 	C:\WINDOWS\SYSTEM32\ntdll.dll
0x00007ffc0d290000 - 0x00007ffc0d33e000 	C:\WINDOWS\System32\KERNEL32.DLL
0x00007ffc09db0000 - 0x00007ffc0a016000 	C:\WINDOWS\System32\KERNELBASE.dll
0x00007ffc0ba40000 - 0x00007ffc0bae1000 	C:\WINDOWS\System32\ADVAPI32.dll
0x00007ffc0d190000 - 0x00007ffc0d22d000 	C:\WINDOWS\System32\msvcrt.dll
0x00007ffc0d230000 - 0x00007ffc0d28b000 	C:\WINDOWS\System32\sechost.dll
0x00007ffc0a9c0000 - 0x00007ffc0aadf000 	C:\WINDOWS\System32\RPCRT4.dll
0x00007ffc0b390000 - 0x00007ffc0b51f000 	C:\WINDOWS\System32\USER32.dll
0x00007ffc0a820000 - 0x00007ffc0a840000 	C:\WINDOWS\System32\win32u.dll
0x00007ffc0bc10000 - 0x00007ffc0bc38000 	C:\WINDOWS\System32\GDI32.dll
0x00007ffc09850000 - 0x00007ffc099e3000 	C:\WINDOWS\System32\gdi32full.dll
0x00007ffc09a40000 - 0x00007ffc09adb000 	C:\WINDOWS\System32\msvcp_win.dll
0x00007ffc09ae0000 - 0x00007ffc09bd6000 	C:\WINDOWS\System32\ucrtbase.dll
0x00007ffc00e90000 - 0x00007ffc010f9000 	C:\WINDOWS\WinSxS\amd64_microsoft.windows.common-controls_6595b64144ccf1df_6.0.16299.371_none_15c7d1789365a290\COMCTL32.dll
0x00007ffc0b520000 - 0x00007ffc0b828000 	C:\WINDOWS\System32\combase.dll
0x00007ffc097d0000 - 0x00007ffc09842000 	C:\WINDOWS\System32\bcryptPrimitives.dll
0x00007ffc0b0a0000 - 0x00007ffc0b0cd000 	C:\WINDOWS\System32\IMM32.DLL
0x0000000051770000 - 0x0000000051842000 	C:\Program Files\Java\jdk1.8.0_77\jre\bin\msvcr100.dll
0x0000000050ee0000 - 0x0000000051770000 	C:\Program Files\Java\jdk1.8.0_77\jre\bin\server\jvm.dll
0x00007ffc0a9a0000 - 0x00007ffc0a9a8000 	C:\WINDOWS\System32\PSAPI.DLL
0x00007ffc05e50000 - 0x00007ffc05e73000 	C:\WINDOWS\SYSTEM32\WINMM.dll
0x00007ffbfb6a0000 - 0x00007ffbfb6a9000 	C:\WINDOWS\SYSTEM32\WSOCK32.dll
0x00007ffc0b830000 - 0x00007ffc0b89c000 	C:\WINDOWS\System32\WS2_32.dll
0x00007ffc081e0000 - 0x00007ffc081ea000 	C:\WINDOWS\SYSTEM32\VERSION.dll
0x00007ffc05de0000 - 0x00007ffc05e0a000 	C:\WINDOWS\SYSTEM32\WINMMBASE.dll
0x00007ffc099f0000 - 0x00007ffc09a3a000 	C:\WINDOWS\System32\cfgmgr32.dll
0x0000000052280000 - 0x000000005228f000 	C:\Program Files\Java\jdk1.8.0_77\jre\bin\verify.dll
0x0000000050eb0000 - 0x0000000050ed9000 	C:\Program Files\Java\jdk1.8.0_77\jre\bin\java.dll
0x0000000050e90000 - 0x0000000050ea6000 	C:\Program Files\Java\jdk1.8.0_77\jre\bin\zip.dll
0x00007ffc0bd50000 - 0x00007ffc0d186000 	C:\WINDOWS\System32\SHELL32.dll
0x00007ffc0b130000 - 0x00007ffc0b1d6000 	C:\WINDOWS\System32\shcore.dll
0x00007ffc0a0d0000 - 0x00007ffc0a817000 	C:\WINDOWS\System32\windows.storage.dll
0x00007ffc0a920000 - 0x00007ffc0a971000 	C:\WINDOWS\System32\shlwapi.dll
0x00007ffc09750000 - 0x00007ffc09761000 	C:\WINDOWS\System32\kernel.appcore.dll
0x00007ffc096e0000 - 0x00007ffc0972c000 	C:\WINDOWS\System32\powrprof.dll
0x00007ffc096c0000 - 0x00007ffc096db000 	C:\WINDOWS\System32\profapi.dll
0x00007ffbde0e0000 - 0x00007ffbde1cf000 	C:\Program Files\Java\jdk1.8.0_77\jre\bin\msvcr120.dll
0x00007ffbeda00000 - 0x00007ffbedaa6000 	C:\Program Files\Java\jdk1.8.0_77\jre\bin\msvcp120.dll
0x0000000050450000 - 0x0000000050473000 	C:\Program Files\Java\jdk1.8.0_77\jre\bin\prism_d3d.dll
0x00007ffbc9ee0000 - 0x00007ffbca075000 	C:\WINDOWS\system32\d3d9.dll
0x00007ffc079e0000 - 0x00007ffc07a0a000 	C:\WINDOWS\SYSTEM32\dwmapi.dll
0x00007ffc07650000 - 0x00007ffc076e5000 	C:\WINDOWS\system32\uxtheme.dll
0x00007ffbc2320000 - 0x00007ffbc33c3000 	C:\WINDOWS\System32\DriverStore\FileRepository\nvwuwu.inf_amd64_8092fc7fd16353b3\nvd3dumx.dll
0x0000000050400000 - 0x0000000050443000 	C:\Program Files\Java\jdk1.8.0_77\jre\bin\glass.dll
0x00007ffc0bc40000 - 0x00007ffc0bd4a000 	C:\WINDOWS\System32\COMDLG32.dll
0x00007ffc0b1e0000 - 0x00007ffc0b329000 	C:\WINDOWS\System32\ole32.dll
0x00007ffc0a840000 - 0x00007ffc0a905000 	C:\WINDOWS\System32\OLEAUT32.dll
0x00007ffc0aae0000 - 0x00007ffc0ac47000 	C:\WINDOWS\System32\MSCTF.dll
0x00000000503e0000 - 0x00000000503f4000 	C:\Program Files\Java\jdk1.8.0_77\jre\bin\javafx_font.dll
0x00007ffbdefd0000 - 0x00007ffbdf2e0000 	C:\WINDOWS\SYSTEM32\dwrite.dll
0x00007ffc0bb70000 - 0x00007ffc0bc0e000 	C:\WINDOWS\System32\clbcatq.dll
0x00007ffc04290000 - 0x00007ffc0443b000 	C:\WINDOWS\SYSTEM32\WindowsCodecs.dll
0x00007ffbd7410000 - 0x00007ffbd745f000 	C:\WINDOWS\system32\dataexchange.dll
0x00007ffc06420000 - 0x00007ffc06702000 	C:\WINDOWS\system32\d3d11.dll
0x00007ffc06f20000 - 0x00007ffc07062000 	C:\WINDOWS\system32\dcomp.dll
0x00007ffc08370000 - 0x00007ffc0841f000 	C:\WINDOWS\system32\dxgi.dll
0x00007ffc07ad0000 - 0x00007ffc07c4b000 	C:\WINDOWS\system32\twinapi.appcore.dll
0x00007ffc07c50000 - 0x00007ffc07c70000 	C:\WINDOWS\system32\RMCLIENT.dll
0x00007ffc09220000 - 0x00007ffc09245000 	C:\WINDOWS\system32\bcrypt.dll
0x00007ffbe79c0000 - 0x00007ffbe79f4000 	C:\Program Files\Common Files\Microsoft Shared\Ink\rtscom.dll
0x00007ffbe4ee0000 - 0x00007ffbe4f78000 	C:\WINDOWS\System32\TextInputFramework.dll
0x00007ffc06d00000 - 0x00007ffc06ddc000 	C:\WINDOWS\System32\CoreMessaging.dll
0x00007ffc03b70000 - 0x00007ffc03e5e000 	C:\WINDOWS\System32\CoreUIComponents.dll
0x00007ffc08640000 - 0x00007ffc08671000 	C:\WINDOWS\SYSTEM32\ntmarta.dll
0x00007ffc04c20000 - 0x00007ffc04d56000 	C:\WINDOWS\SYSTEM32\wintypes.dll
0x00000000503c0000 - 0x00000000503d1000 	C:\Program Files\Java\jdk1.8.0_77\jre\bin\prism_common.dll
0x00007ffc07db0000 - 0x00007ffc07f61000 	C:\WINDOWS\SYSTEM32\PROPSYS.dll
0x00007ffbd6f20000 - 0x00007ffbd6f39000 	C:\WINDOWS\SYSTEM32\CLDAPI.dll
0x00007ffbf21f0000 - 0x00007ffbf2234000 	C:\WINDOWS\SYSTEM32\AEPIC.dll
0x00007ffbfc750000 - 0x00007ffbfc75a000 	C:\WINDOWS\SYSTEM32\FLTLIB.DLL
0x00007ffc09110000 - 0x00007ffc09127000 	C:\WINDOWS\SYSTEM32\cryptsp.dll
0x00007ffbf3e10000 - 0x00007ffbf3eb9000 	C:\Program Files\Common Files\microsoft shared\ink\tiptsf.dll
0x00007ffbd6e70000 - 0x00007ffbd6eb4000 	C:\WINDOWS\SYSTEM32\edputil.dll
0x00007ffbd6f70000 - 0x00007ffbd7403000 	C:\WINDOWS\system32\explorerframe.dll
0x00007ffbc7b70000 - 0x00007ffbc7d1e000 	C:\WINDOWS\system32\DUI70.dll
0x00007ffbcf170000 - 0x00007ffbcf201000 	C:\WINDOWS\system32\DUser.dll
0x00007ffbd6ec0000 - 0x00007ffbd6f1b000 	C:\Windows\System32\thumbcache.dll
0x00007ffc03f90000 - 0x00007ffc0400a000 	C:\WINDOWS\SYSTEM32\policymanager.dll
0x00007ffc04b40000 - 0x00007ffc04bd0000 	C:\WINDOWS\SYSTEM32\msvcp110_win.dll
0x00007ffbd2970000 - 0x00007ffbd2c84000 	C:\WINDOWS\SYSTEM32\MsftEdit.dll
0x00007ffbddcc0000 - 0x00007ffbdde47000 	C:\Windows\System32\Windows.Globalization.dll
0x00007ffbe23b0000 - 0x00007ffbe241a000 	C:\Windows\System32\Bcp47Langs.dll
0x00007ffbd2940000 - 0x00007ffbd2970000 	C:\WINDOWS\SYSTEM32\globinputhost.dll
0x00007ffc047f0000 - 0x00007ffc04825000 	C:\WINDOWS\system32\xmllite.dll
0x00007ffc01df0000 - 0x00007ffc01e5e000 	C:\WINDOWS\system32\OLEACC.dll
0x00007ffbe09a0000 - 0x00007ffbe0ba6000 	C:\Windows\System32\uiautomationcore.dll
0x00007ffc09520000 - 0x00007ffc095ba000 	C:\WINDOWS\SYSTEM32\sxs.dll
0x00007ffbcff80000 - 0x00007ffbcff8c000 	C:\WINDOWS\SYSTEM32\atlthunk.dll
0x00007ffbdc230000 - 0x00007ffbdc2d9000 	C:\WINDOWS\System32\StructuredQuery.dll
0x00007ffc01d80000 - 0x00007ffc01d9b000 	C:\WINDOWS\SYSTEM32\MPR.dll
0x00007ffc07960000 - 0x00007ffc0796b000 	C:\WINDOWS\System32\drprov.dll
0x00007ffc086b0000 - 0x00007ffc08705000 	C:\WINDOWS\System32\WINSTA.dll
0x00007ffc06ed0000 - 0x00007ffc06ee6000 	C:\WINDOWS\System32\ntlanman.dll
0x00007ffc06eb0000 - 0x00007ffc06ecc000 	C:\WINDOWS\System32\davclnt.dll
0x00007ffc06e40000 - 0x00007ffc06e4c000 	C:\WINDOWS\System32\DAVHLPR.dll
0x00007ffc04fb0000 - 0x00007ffc04fc7000 	C:\WINDOWS\System32\wkscli.dll
0x00007ffbf83b0000 - 0x00007ffbf83c2000 	C:\WINDOWS\SYSTEM32\cscapi.dll
0x00007ffc08de0000 - 0x00007ffc08dee000 	C:\WINDOWS\System32\netutils.dll
0x00007ffc07570000 - 0x00007ffc075f8000 	C:\WINDOWS\SYSTEM32\apphelp.dll
0x00007ffbc5fc0000 - 0x00007ffbc600a000 	C:\Windows\System32\dlnashext.dll
0x00007ffbed720000 - 0x00007ffbed783000 	C:\Windows\System32\PlayToDevice.dll
0x00007ffbd9060000 - 0x00007ffbd907f000 	C:\Windows\System32\DevDispItemProvider.dll
0x00007ffbc7ed0000 - 0x00007ffbc7ed9000 	C:\WINDOWS\system32\IconCodecService.dll
0x00007ffc020b0000 - 0x00007ffc0211f000 	C:\WINDOWS\System32\MMDevApi.dll
0x00007ffc094d0000 - 0x00007ffc094f7000 	C:\WINDOWS\System32\DEVOBJ.dll
0x00007ffc050a0000 - 0x00007ffc05140000 	C:\Windows\System32\PortableDeviceApi.dll
0x00007ffc0ac50000 - 0x00007ffc0b09e000 	C:\WINDOWS\System32\SETUPAPI.dll
0x00007ffc09770000 - 0x00007ffc097c8000 	C:\WINDOWS\System32\WINTRUST.dll
0x00007ffc09730000 - 0x00007ffc09742000 	C:\WINDOWS\System32\MSASN1.dll
0x00007ffc09be0000 - 0x00007ffc09dae000 	C:\WINDOWS\System32\CRYPT32.dll
0x00007ffbf5620000 - 0x00007ffbf5645000 	C:\Windows\System32\EhStorAPI.dll
0x00007ffc053c0000 - 0x00007ffc053d3000 	C:\Windows\System32\WTSAPI32.dll
0x00007ffbd2870000 - 0x00007ffbd2937000 	C:\WINDOWS\system32\Windows.Storage.Search.dll
0x00007ffc0baf0000 - 0x00007ffc0bb61000 	C:\WINDOWS\System32\coml2.dll
0x00007ffc03060000 - 0x00007ffc03654000 	C:\Windows\System32\OneCoreUAPCommonProxyStub.dll
0x00007ffbe28d0000 - 0x00007ffbe2951000 	C:\Windows\System32\twinapi.dll
0x00007ffbe7ca0000 - 0x00007ffbe7dc3000 	C:\Windows\System32\Windows.StateRepositoryPS.dll
0x00007ffbd6020000 - 0x00007ffbd6030000 	C:\WINDOWS\SYSTEM32\LINKINFO.dll
0x00007ffbc77c0000 - 0x00007ffbc799f000 	C:\WINDOWS\system32\wpdshext.dll
0x00007ffc01f10000 - 0x00007ffc020ac000 	C:\WINDOWS\WinSxS\amd64_microsoft.windows.gdiplus_6595b64144ccf1df_1.1.16299.371_none_46b2c45dedf81c5e\gdiplus.dll
0x00007ffbd53d0000 - 0x00007ffbd5406000 	C:\Windows\System32\EhStorShell.dll
0x00007ffbd5ef0000 - 0x00007ffbd6017000 	C:\WINDOWS\system32\NetworkExplorer.dll
0x00007ffbef3c0000 - 0x00007ffbef41b000 	C:\Program Files (x86)\Dropbox\Client\DropboxExt64.23.0.dll
0x00007ffbdc1c0000 - 0x00007ffbdc22f000 	C:\WINDOWS\system32\PhotoMetadataHandler.dll
0x000000004d5d0000 - 0x000000004d5f0000 	C:\Program Files\Common Files\TortoiseOverlays\TortoiseOverlays.dll
0x00007ffc09130000 - 0x00007ffc0913b000 	C:\WINDOWS\SYSTEM32\CRYPTBASE.DLL
0x000000004db60000 - 0x000000004db7a000 	C:\Program Files\TortoiseSVN\bin\TortoiseStub.dll

VM Arguments:
jvm_args: -Dfile.encoding=Cp1252 
java_command: main.start.Main
java_class_path (initial): C:\Users\admin\Workspace\Twitter Features Extractor\target\classes;C:\Users\admin\.p2\pool\plugins\org.eclipse.fx.ide.css.jfx8_2.4.0.201605112122.jar;C:\Users\admin\.m2\repository\net\sf\extjwnl\extjwnl\1.9.1\extjwnl-1.9.1.jar;C:\Users\admin\.m2\repository\org\slf4j\slf4j-api\1.7.12\slf4j-api-1.7.12.jar;C:\Users\admin\.m2\repository\org\slf4j\slf4j-log4j12\1.7.12\slf4j-log4j12-1.7.12.jar;C:\Users\admin\.m2\repository\log4j\log4j\1.2.17\log4j-1.2.17.jar;C:\Users\admin\.m2\repository\com\googlecode\concurrentlinkedhashmap\concurrentlinkedhashmap-lru\1.3.2\concurrentlinkedhashmap-lru-1.3.2.jar;C:\Users\admin\.m2\repository\net\sf\extjwnl\extjwnl-data-wn31\1.2\extjwnl-data-wn31-1.2.jar;C:\Users\admin\.m2\repository\commons-logging\commons-logging\1.2\commons-logging-1.2.jar;C:\Users\admin\.m2\repository\commons-io\commons-io\2.4\commons-io-2.4.jar;C:\Users\admin\.m2\repository\org\apache\commons\commons-lang3\3.4\commons-lang3-3.4.jar;C:\Users\admin\.m2\repository\org\apache\opennlp\opennlp-tools\1.6.0\opennlp-tools-1.6.0.jar;C:\Users\admin\.m2\repository\com\twitter\hbc-core\2.2.0\hbc-core-2.2.0.jar;C:\Users\admin\.m2\repository\org\apache\httpcomponents\httpclient\4.2.5\httpclient-4.2.5.jar;C:\Users\admin\.m2\repository\org\apache\httpcomponents\httpcore\4.2.4\httpcore-4.2.4.jar;C:\Users\admin\.m2\repository\commons-codec\commons-codec\1.6\commons-codec-1.6.jar;C:\Users\admin\.m2\repository\com\google\guava\guava\14.0.1\guava-14.0.1.jar;C:\Users\admin\.m2\repository\com\twitter\joauth\6.0.2\joauth-6.0.2.jar;C:\Users\admin\.m2\repository\com\google\code\findbugs\jsr305\1.3.9\jsr305-1.3.9.jar;C:\Users\admin\.m2\repository\org\json\json\20141113\json-20141113.jar;C:\Users\admin\.m2\repository\nz\ac\waikato\cms\weka\weka-stable\3.8.0\weka-stable-3.8.0.jar;C:\Users\admin\.m2\repository\nz\ac\waikato\cms\weka\thirdparty\java-cup-11b\2015.03.26\java-cup-11b-2015.03.26.jar;C:\Users\admin\.m2\repository\nz\ac\waikato\cms\weka\thirdparty\java-cup-11
Launcher Type: SUN_STANDARD

Environment Variables:
JAVA_HOME=C:\Program Files\Java\jdk1.8.0_77
CLASSPATH=C:\Program Files\Java\jdk1.8.0_77\bin;C:\Program Files\libsvm-3.22\java\libsvm.jar;
PATH=C:/Program Files/Java/jdk1.8.0_77/jre/bin/server;C:/Program Files/Java/jdk1.8.0_77/jre/bin;C:/Program Files/Java/jdk1.8.0_77/jre/lib/amd64;C:\Program Files (x86)\Common Files\Oracle\Java\javapath;C:\ProgramData\Oracle\Java\javapath;C:\Program Files (x86)\OpenSSH\bin;C:\WINDOWS\system32;C:\WINDOWS;C:\WINDOWS\System32\Wbem;C:\WINDOWS\System32\WindowsPowerShell\v1.0\;C:\Users\admin\AppData\Local\Programs\Python\Python35-32\Scripts\;C:\Users\admin\AppData\Local\Programs\Python\Python35-32\;C:\Users\admin\AppData\Local\Microsoft\WindowsApps;;C:\Program Files\Microsoft VS Code\bin;C:\WINDOWS\system32;
USERNAME=admin
LD_LIBRARY_PATH=C:\Program Files (x86)\MeCab\bin
OS=Windows_NT
PROCESSOR_IDENTIFIER=Intel64 Family 6 Model 63 Stepping 2, GenuineIntel



---------------  S Y S T E M  ---------------

OS: Windows 10.0 , 64 bit Build 16299 (10.0.16299.15)

CPU:total 24 (12 cores per cpu, 2 threads per core) family 6 model 63 stepping 2, cmov, cx8, fxsr, mmx, sse, sse2, sse3, ssse3, sse4.1, sse4.2, popcnt, avx, avx2, aes, clmul, erms, lzcnt, ht, tsc, tscinvbit, bmi1, bmi2

Memory: 4k page, physical 67014496k(50832356k free), swap 134123360k(113812716k free)

vm_info: Java HotSpot(TM) 64-Bit Server VM (25.77-b03) for windows-amd64 JRE (1.8.0_77-b03), built on Mar 20 2016 22:01:33 by "java_re" with MS VC++ 10.0 (VS2010)

time: Mon Sep 03 12:44:00 2018
elapsed time: 9 seconds (0d 0h 0m 9s)

